<?xml version="1.0" encoding="UTF-8"?>
<robot generator="Robot 6.0.2 (Python 3.10.9 on win32)" generated="20230911 12:39:19.438" rpa="false" schemaversion="3">
<suite id="s1" name="Testcase4" source="C:\Users\Thippeswamy U-3061\PycharmProjects\Robot_Framework\framework\TestCycles\Module1\Testscenerio\testcase4.robot">
<test id="s1-t1" name="Login Into Hros And Check The Top Menu Functionalities" line="12">
<kw name="Open Terralogic Website" library="Hr_login_po">
<kw name="Open Browser" library="SeleniumLibrary">
<arg>${BaseURL}</arg>
<arg>firefox</arg>
<doc>Opens a new browser instance to the optional ``url``.</doc>
<msg timestamp="20230911 12:39:19.710" level="INFO">Opening browser 'firefox' to base url 'https://terralogic.paxanimi.ai/login'.</msg>
<msg timestamp="20230911 12:39:19.712" level="INFO">Firefox driver log is always forced to to: C:\Users\Thippeswamy U-3061\PycharmProjects\Robot_Framework\framework\TestCycles\Module1\Testscenerio\geckodriver-35.log</msg>
<status status="PASS" starttime="20230911 12:39:19.709" endtime="20230911 12:39:30.030"/>
</kw>
<kw name="Set Selenium Implicit Wait" library="SeleniumLibrary">
<arg>10s</arg>
<doc>Sets the implicit wait value used by Selenium.</doc>
<status status="PASS" starttime="20230911 12:39:30.030" endtime="20230911 12:39:30.035"/>
</kw>
<kw name="Maximize Browser Window" library="SeleniumLibrary">
<doc>Maximizes current browser window.</doc>
<status status="PASS" starttime="20230911 12:39:30.035" endtime="20230911 12:39:30.039"/>
</kw>
<status status="PASS" starttime="20230911 12:39:19.709" endtime="20230911 12:39:30.039"/>
</kw>
<kw name="Click on terralogic_login" library="Hr_login_keywords">
<kw name="Click Element" library="SeleniumLibrary">
<arg>${terralogic_login}</arg>
<doc>Click the element identified by ``locator``.</doc>
<msg timestamp="20230911 12:39:30.042" level="INFO">Clicking element 'xpath://button[@class='ant-btn ant-btn-round ant-btn-default ant-btn-lg MyButton__outline']'.</msg>
<status status="PASS" starttime="20230911 12:39:30.041" endtime="20230911 12:39:31.734"/>
</kw>
<kw name="Sleep" library="BuiltIn">
<arg>4s</arg>
<doc>Pauses the test executed for the given time.</doc>
<msg timestamp="20230911 12:39:35.743" level="INFO">Slept 4 seconds</msg>
<status status="PASS" starttime="20230911 12:39:31.734" endtime="20230911 12:39:35.743"/>
</kw>
<status status="PASS" starttime="20230911 12:39:30.040" endtime="20230911 12:39:35.743"/>
</kw>
<kw name="Switch to window" library="Hr_login_keywords">
<kw name="Get Window Handles" library="SeleniumLibrary">
<var>${handles}</var>
<doc>Returns all child window handles of the selected browser as a list.</doc>
<msg timestamp="20230911 12:39:35.750" level="INFO">${handles} = ['1da77848-019d-40d7-837a-4ff49d1fa8b4', 'ce56f32f-10c2-4f3e-a640-43674aa91c24']</msg>
<status status="PASS" starttime="20230911 12:39:35.745" endtime="20230911 12:39:35.750"/>
</kw>
<kw name="Switch Window" library="SeleniumLibrary">
<arg>${handles}[1]</arg>
<doc>Switches to browser window matching ``locator``.</doc>
<status status="PASS" starttime="20230911 12:39:35.750" endtime="20230911 12:39:35.813"/>
</kw>
<status status="PASS" starttime="20230911 12:39:35.744" endtime="20230911 12:39:35.813"/>
</kw>
<kw name="Login to Gmail" library="Hr_login_keywords">
<arg>${Username}</arg>
<arg>${Password}</arg>
<arg>${Hros_user_xpath}</arg>
<arg>${Hros_pass_xpath}</arg>
<kw name="Input Text" library="SeleniumLibrary">
<arg>${user_xpath}</arg>
<arg>${username}</arg>
<doc>Types the given ``text`` into the text field identified by ``locator``.</doc>
<msg timestamp="20230911 12:39:35.816" level="INFO">Typing text 'uppara.thippeswamy@terralogic.com' into text field 'xpath://input[@id='identifierId']'.</msg>
<status status="PASS" starttime="20230911 12:39:35.814" endtime="20230911 12:39:35.916"/>
</kw>
<kw name="Sleep" library="BuiltIn">
<arg>5s</arg>
<doc>Pauses the test executed for the given time.</doc>
<msg timestamp="20230911 12:39:40.927" level="INFO">Slept 5 seconds</msg>
<status status="PASS" starttime="20230911 12:39:35.917" endtime="20230911 12:39:40.928"/>
</kw>
<kw name="Click Button" library="SeleniumLibrary">
<arg>${Next}</arg>
<doc>Clicks the button identified by ``locator``.</doc>
<msg timestamp="20230911 12:39:40.930" level="INFO">Clicking button 'xpath://span[text()='Next']//parent::button'.</msg>
<status status="PASS" starttime="20230911 12:39:40.928" endtime="20230911 12:39:41.228"/>
</kw>
<kw name="Sleep" library="BuiltIn">
<arg>30s</arg>
<doc>Pauses the test executed for the given time.</doc>
<msg timestamp="20230911 12:40:11.231" level="INFO">Slept 30 seconds</msg>
<status status="PASS" starttime="20230911 12:39:41.229" endtime="20230911 12:40:11.231"/>
</kw>
<kw name="Input Text" library="SeleniumLibrary">
<arg>${pass_xpath}</arg>
<arg>${password}</arg>
<doc>Types the given ``text`` into the text field identified by ``locator``.</doc>
<msg timestamp="20230911 12:40:11.233" level="INFO">Typing text 'Thippeswamy@0224' into text field 'xpath://input[@name='Passwd']'.</msg>
<status status="PASS" starttime="20230911 12:40:11.232" endtime="20230911 12:40:11.303"/>
</kw>
<kw name="Sleep" library="BuiltIn">
<arg>5s</arg>
<doc>Pauses the test executed for the given time.</doc>
<msg timestamp="20230911 12:40:16.312" level="INFO">Slept 5 seconds</msg>
<status status="PASS" starttime="20230911 12:40:11.303" endtime="20230911 12:40:16.312"/>
</kw>
<kw name="Click Button" library="SeleniumLibrary">
<arg>${Next}</arg>
<doc>Clicks the button identified by ``locator``.</doc>
<msg timestamp="20230911 12:40:16.314" level="INFO">Clicking button 'xpath://span[text()='Next']//parent::button'.</msg>
<status status="PASS" starttime="20230911 12:40:16.313" endtime="20230911 12:40:16.597"/>
</kw>
<kw name="Sleep" library="BuiltIn">
<arg>30s</arg>
<doc>Pauses the test executed for the given time.</doc>
<msg timestamp="20230911 12:40:46.600" level="INFO">Slept 30 seconds</msg>
<status status="PASS" starttime="20230911 12:40:16.598" endtime="20230911 12:40:46.601"/>
</kw>
<status status="PASS" starttime="20230911 12:39:35.813" endtime="20230911 12:40:46.601"/>
</kw>
<kw name="Sleep" library="BuiltIn">
<arg>5s</arg>
<doc>Pauses the test executed for the given time.</doc>
<msg timestamp="20230911 12:40:51.612" level="INFO">Slept 5 seconds</msg>
<status status="PASS" starttime="20230911 12:40:46.602" endtime="20230911 12:40:51.612"/>
</kw>
<kw name="Switch Back To Main Window" library="Hr_login_keywords">
<kw name="Get Window Handles" library="SeleniumLibrary">
<var>${handles}</var>
<doc>Returns all child window handles of the selected browser as a list.</doc>
<msg timestamp="20230911 12:40:51.615" level="INFO">${handles} = ['1da77848-019d-40d7-837a-4ff49d1fa8b4']</msg>
<status status="PASS" starttime="20230911 12:40:51.613" endtime="20230911 12:40:51.615"/>
</kw>
<kw name="Switch Window" library="SeleniumLibrary">
<arg>${handles}[0]</arg>
<doc>Switches to browser window matching ``locator``.</doc>
<status status="PASS" starttime="20230911 12:40:51.617" endtime="20230911 12:40:51.627"/>
</kw>
<status status="PASS" starttime="20230911 12:40:51.612" endtime="20230911 12:40:51.627"/>
</kw>
<kw name="Sleep" library="BuiltIn">
<arg>4s</arg>
<doc>Pauses the test executed for the given time.</doc>
<msg timestamp="20230911 12:40:55.637" level="INFO">Slept 4 seconds</msg>
<status status="PASS" starttime="20230911 12:40:51.627" endtime="20230911 12:40:55.638"/>
</kw>
<kw name="Search Image on The Top Menu" library="Hr_top_menu_keywords">
<kw name="Click Element" library="SeleniumLibrary">
<arg>${search_image_xpath}</arg>
<doc>Click the element identified by ``locator``.</doc>
<msg timestamp="20230911 12:40:55.641" level="INFO">Clicking element 'xpath://div[@class='ant-layout']/header[2]/div/div[2]/div[1]/div/span/img'.</msg>
<status status="PASS" starttime="20230911 12:40:55.640" endtime="20230911 12:40:55.916"/>
</kw>
<kw name="Sleep" library="BuiltIn">
<arg>5s</arg>
<doc>Pauses the test executed for the given time.</doc>
<msg timestamp="20230911 12:41:00.928" level="INFO">Slept 5 seconds</msg>
<status status="PASS" starttime="20230911 12:40:55.917" endtime="20230911 12:41:00.928"/>
</kw>
<kw name="Input Text" library="SeleniumLibrary">
<arg>${enter_name_xpath}</arg>
<arg>${search_name}</arg>
<doc>Types the given ``text`` into the text field identified by ``locator``.</doc>
<msg timestamp="20230911 12:41:00.930" level="INFO">Typing text 'sowjanya' into text field 'xpath://input[@type='text']'.</msg>
<status status="PASS" starttime="20230911 12:41:00.929" endtime="20230911 12:41:00.966"/>
</kw>
<kw name="Sleep" library="BuiltIn">
<arg>5s</arg>
<doc>Pauses the test executed for the given time.</doc>
<msg timestamp="20230911 12:41:05.973" level="INFO">Slept 5 seconds</msg>
<status status="PASS" starttime="20230911 12:41:00.967" endtime="20230911 12:41:05.973"/>
</kw>
<kw name="Press Keys" library="SeleniumLibrary">
<arg>None</arg>
<arg>ESC</arg>
<doc>Simulates the user pressing key(s) to an element or on the active browser.</doc>
<msg timestamp="20230911 12:41:05.974" level="INFO">Sending key(s) ('ESC',) to page.</msg>
<msg timestamp="20230911 12:41:05.974" level="INFO">Pressing special key ESCAPE to browser.</msg>
<msg timestamp="20230911 12:41:05.974" level="INFO">Releasing special key ESCAPE.</msg>
<status status="PASS" starttime="20230911 12:41:05.973" endtime="20230911 12:41:06.002"/>
</kw>
<kw name="Sleep" library="BuiltIn">
<arg>10s</arg>
<doc>Pauses the test executed for the given time.</doc>
<msg timestamp="20230911 12:41:16.020" level="INFO">Slept 10 seconds</msg>
<status status="PASS" starttime="20230911 12:41:06.002" endtime="20230911 12:41:16.020"/>
</kw>
<status status="PASS" starttime="20230911 12:40:55.639" endtime="20230911 12:41:16.021"/>
</kw>
<kw name="Mouse Hover Functionality" library="Hr_top_menu_keywords">
<kw name="Get WebElement" library="SeleniumLibrary">
<var>${hover_element}</var>
<arg>${mouse_hover_action}</arg>
<doc>Returns the first WebElement matching the given ``locator``.</doc>
<msg timestamp="20230911 12:41:16.032" level="INFO">${hover_element} = &lt;selenium.webdriver.firefox.webelement.FirefoxWebElement (session="1959dca8-d83e-401d-96dc-e4369f53f536", element="459b5563-9725-4602-a067-f4aab17f5dad")&gt;</msg>
<status status="PASS" starttime="20230911 12:41:16.022" endtime="20230911 12:41:16.032"/>
</kw>
<kw name="Mouse Over" library="SeleniumLibrary">
<arg>${hover_element}</arg>
<doc>Simulates hovering the mouse over the element ``locator``.</doc>
<msg timestamp="20230911 12:41:16.034" level="INFO">Simulating Mouse Over on element '&lt;selenium.webdriver.firefox.webelement.FirefoxWebElement (session="1959dca8-d83e-401d-96dc-e4369f53f536", element="459b5563-9725-4602-a067-f4aab17f5dad")&gt;'.</msg>
<status status="PASS" starttime="20230911 12:41:16.032" endtime="20230911 12:41:16.318"/>
</kw>
<kw name="Press Keys" library="SeleniumLibrary">
<arg>${hover_element}</arg>
<arg>\\13</arg>
<doc>Simulates the user pressing key(s) to an element or on the active browser.</doc>
<msg timestamp="20230911 12:41:16.319" level="INFO">Sending key(s) ('\\13',) to &lt;selenium.webdriver.firefox.webelement.FirefoxWebElement (session="1959dca8-d83e-401d-96dc-e4369f53f536", element="459b5563-9725-4602-a067-f4aab17f5dad")&gt; element.</msg>
<msg timestamp="20230911 12:41:16.601" level="INFO">Sending keys \13</msg>
<status status="PASS" starttime="20230911 12:41:16.318" endtime="20230911 12:41:16.616"/>
</kw>
<kw name="Sleep" library="BuiltIn">
<arg>5s</arg>
<doc>Pauses the test executed for the given time.</doc>
<msg timestamp="20230911 12:41:21.632" level="INFO">Slept 5 seconds</msg>
<status status="PASS" starttime="20230911 12:41:16.616" endtime="20230911 12:41:21.632"/>
</kw>
<kw name="Click Element" library="SeleniumLibrary">
<arg>${elements_xpath_1}</arg>
<doc>Click the element identified by ``locator``.</doc>
<msg timestamp="20230911 12:41:21.634" level="INFO">Clicking element 'xpath://span[text()='Quick Links']'.</msg>
<status status="PASS" starttime="20230911 12:41:21.633" endtime="20230911 12:41:21.914"/>
</kw>
<kw name="Sleep" library="BuiltIn">
<arg>2s</arg>
<doc>Pauses the test executed for the given time.</doc>
<msg timestamp="20230911 12:41:23.920" level="INFO">Slept 2 seconds</msg>
<status status="PASS" starttime="20230911 12:41:21.915" endtime="20230911 12:41:23.920"/>
</kw>
<kw name="Click Element" library="SeleniumLibrary">
<arg>${mose_hover_cross_xpath}</arg>
<doc>Click the element identified by ``locator``.</doc>
<msg timestamp="20230911 12:41:23.922" level="INFO">Clicking element 'xpath://span[@class='ant-modal-close-x']/img'.</msg>
<status status="PASS" starttime="20230911 12:41:23.921" endtime="20230911 12:41:24.158"/>
</kw>
<kw name="Execute Javascript" library="SeleniumLibrary">
<arg>location.reload(true)</arg>
<doc>Executes the given JavaScript code with possible arguments.</doc>
<msg timestamp="20230911 12:41:24.160" level="INFO">Executing JavaScript:
location.reload(true)
Without any arguments.</msg>
<status status="PASS" starttime="20230911 12:41:24.158" endtime="20230911 12:41:24.187"/>
</kw>
<kw name="Sleep" library="BuiltIn">
<arg>5s</arg>
<doc>Pauses the test executed for the given time.</doc>
<msg timestamp="20230911 12:41:29.190" level="INFO">Slept 5 seconds</msg>
<status status="PASS" starttime="20230911 12:41:24.187" endtime="20230911 12:41:29.191"/>
</kw>
<kw name="Get WebElement" library="SeleniumLibrary">
<var>${hover_element}</var>
<arg>${mouse_hover_action}</arg>
<doc>Returns the first WebElement matching the given ``locator``.</doc>
<msg timestamp="20230911 12:41:30.045" level="INFO">${hover_element} = &lt;selenium.webdriver.firefox.webelement.FirefoxWebElement (session="1959dca8-d83e-401d-96dc-e4369f53f536", element="c52b488a-2e2b-4959-ba84-b966f1781932")&gt;</msg>
<status status="PASS" starttime="20230911 12:41:29.191" endtime="20230911 12:41:30.045"/>
</kw>
<kw name="Mouse Over" library="SeleniumLibrary">
<arg>${hover_element}</arg>
<doc>Simulates hovering the mouse over the element ``locator``.</doc>
<msg timestamp="20230911 12:41:30.046" level="INFO">Simulating Mouse Over on element '&lt;selenium.webdriver.firefox.webelement.FirefoxWebElement (session="1959dca8-d83e-401d-96dc-e4369f53f536", element="c52b488a-2e2b-4959-ba84-b966f1781932")&gt;'.</msg>
<status status="PASS" starttime="20230911 12:41:30.045" endtime="20230911 12:41:30.400"/>
</kw>
<kw name="Press Keys" library="SeleniumLibrary">
<arg>${hover_element}</arg>
<arg>\\13</arg>
<doc>Simulates the user pressing key(s) to an element or on the active browser.</doc>
<msg timestamp="20230911 12:41:30.402" level="INFO">Sending key(s) ('\\13',) to &lt;selenium.webdriver.firefox.webelement.FirefoxWebElement (session="1959dca8-d83e-401d-96dc-e4369f53f536", element="c52b488a-2e2b-4959-ba84-b966f1781932")&gt; element.</msg>
<msg timestamp="20230911 12:41:30.696" level="INFO">Sending keys \13</msg>
<status status="PASS" starttime="20230911 12:41:30.401" endtime="20230911 12:41:30.720"/>
</kw>
<kw name="Sleep" library="BuiltIn">
<arg>5s</arg>
<doc>Pauses the test executed for the given time.</doc>
<msg timestamp="20230911 12:41:35.725" level="INFO">Slept 5 seconds</msg>
<status status="PASS" starttime="20230911 12:41:30.720" endtime="20230911 12:41:35.726"/>
</kw>
<kw name="Click Element" library="SeleniumLibrary">
<arg>${elements_xpath_2}</arg>
<doc>Click the element identified by ``locator``.</doc>
<msg timestamp="20230911 12:41:35.727" level="INFO">Clicking element 'xpath://span[text()='Raise Ticket']'.</msg>
<status status="PASS" starttime="20230911 12:41:35.726" endtime="20230911 12:41:36.063"/>
</kw>
<kw name="Sleep" library="BuiltIn">
<arg>2s</arg>
<doc>Pauses the test executed for the given time.</doc>
<msg timestamp="20230911 12:41:38.075" level="INFO">Slept 2 seconds</msg>
<status status="PASS" starttime="20230911 12:41:36.063" endtime="20230911 12:41:38.075"/>
</kw>
<kw name="Click Element" library="SeleniumLibrary">
<arg>${mose_hover_cross_xpath}</arg>
<doc>Click the element identified by ``locator``.</doc>
<msg timestamp="20230911 12:41:38.078" level="INFO">Clicking element 'xpath://span[@class='ant-modal-close-x']/img'.</msg>
<status status="PASS" starttime="20230911 12:41:38.076" endtime="20230911 12:41:38.332"/>
</kw>
<kw name="Get WebElement" library="SeleniumLibrary">
<var>${hover_element}</var>
<arg>${mouse_hover_action}</arg>
<doc>Returns the first WebElement matching the given ``locator``.</doc>
<msg timestamp="20230911 12:41:38.358" level="INFO">${hover_element} = &lt;selenium.webdriver.firefox.webelement.FirefoxWebElement (session="1959dca8-d83e-401d-96dc-e4369f53f536", element="c52b488a-2e2b-4959-ba84-b966f1781932")&gt;</msg>
<status status="PASS" starttime="20230911 12:41:38.332" endtime="20230911 12:41:38.358"/>
</kw>
<kw name="Mouse Over" library="SeleniumLibrary">
<arg>${hover_element}</arg>
<doc>Simulates hovering the mouse over the element ``locator``.</doc>
<msg timestamp="20230911 12:41:38.360" level="INFO">Simulating Mouse Over on element '&lt;selenium.webdriver.firefox.webelement.FirefoxWebElement (session="1959dca8-d83e-401d-96dc-e4369f53f536", element="c52b488a-2e2b-4959-ba84-b966f1781932")&gt;'.</msg>
<status status="PASS" starttime="20230911 12:41:38.359" endtime="20230911 12:41:38.640"/>
</kw>
<kw name="Press Keys" library="SeleniumLibrary">
<arg>${hover_element}</arg>
<arg>\\13</arg>
<doc>Simulates the user pressing key(s) to an element or on the active browser.</doc>
<msg timestamp="20230911 12:41:38.642" level="INFO">Sending key(s) ('\\13',) to &lt;selenium.webdriver.firefox.webelement.FirefoxWebElement (session="1959dca8-d83e-401d-96dc-e4369f53f536", element="c52b488a-2e2b-4959-ba84-b966f1781932")&gt; element.</msg>
<msg timestamp="20230911 12:41:38.922" level="INFO">Sending keys \13</msg>
<status status="PASS" starttime="20230911 12:41:38.640" endtime="20230911 12:41:38.932"/>
</kw>
<kw name="Sleep" library="BuiltIn">
<arg>5s</arg>
<doc>Pauses the test executed for the given time.</doc>
<msg timestamp="20230911 12:41:43.943" level="INFO">Slept 5 seconds</msg>
<status status="PASS" starttime="20230911 12:41:38.932" endtime="20230911 12:41:43.943"/>
</kw>
<kw name="Click Element" library="SeleniumLibrary">
<arg>${elements_xpath_3}</arg>
<doc>Click the element identified by ``locator``.</doc>
<msg timestamp="20230911 12:41:43.945" level="INFO">Clicking element 'xpath://span[text()='My Tickets']'.</msg>
<status status="PASS" starttime="20230911 12:41:43.944" endtime="20230911 12:41:44.274"/>
</kw>
<kw name="Execute Javascript" library="SeleniumLibrary">
<arg>location.reload(true)</arg>
<doc>Executes the given JavaScript code with possible arguments.</doc>
<msg timestamp="20230911 12:41:44.276" level="INFO">Executing JavaScript:
location.reload(true)
Without any arguments.</msg>
<status status="PASS" starttime="20230911 12:41:44.274" endtime="20230911 12:41:44.282"/>
</kw>
<kw name="Sleep" library="BuiltIn">
<arg>5s</arg>
<doc>Pauses the test executed for the given time.</doc>
<msg timestamp="20230911 12:41:49.290" level="INFO">Slept 5 seconds</msg>
<status status="PASS" starttime="20230911 12:41:44.282" endtime="20230911 12:41:49.290"/>
</kw>
<kw name="Get WebElement" library="SeleniumLibrary">
<var>${hover_element}</var>
<arg>${mouse_hover_action}</arg>
<doc>Returns the first WebElement matching the given ``locator``.</doc>
<msg timestamp="20230911 12:41:51.113" level="INFO">${hover_element} = &lt;selenium.webdriver.firefox.webelement.FirefoxWebElement (session="1959dca8-d83e-401d-96dc-e4369f53f536", element="a97eb523-c367-4963-91aa-9f1d8663df61")&gt;</msg>
<status status="PASS" starttime="20230911 12:41:49.291" endtime="20230911 12:41:51.113"/>
</kw>
<kw name="Mouse Over" library="SeleniumLibrary">
<arg>${hover_element}</arg>
<doc>Simulates hovering the mouse over the element ``locator``.</doc>
<msg timestamp="20230911 12:41:51.114" level="INFO">Simulating Mouse Over on element '&lt;selenium.webdriver.firefox.webelement.FirefoxWebElement (session="1959dca8-d83e-401d-96dc-e4369f53f536", element="a97eb523-c367-4963-91aa-9f1d8663df61")&gt;'.</msg>
<status status="PASS" starttime="20230911 12:41:51.113" endtime="20230911 12:41:51.374"/>
</kw>
<kw name="Press Keys" library="SeleniumLibrary">
<arg>${hover_element}</arg>
<arg>\\13</arg>
<doc>Simulates the user pressing key(s) to an element or on the active browser.</doc>
<msg timestamp="20230911 12:41:51.377" level="INFO">Sending key(s) ('\\13',) to &lt;selenium.webdriver.firefox.webelement.FirefoxWebElement (session="1959dca8-d83e-401d-96dc-e4369f53f536", element="a97eb523-c367-4963-91aa-9f1d8663df61")&gt; element.</msg>
<msg timestamp="20230911 12:41:51.660" level="INFO">Sending keys \13</msg>
<status status="PASS" starttime="20230911 12:41:51.375" endtime="20230911 12:41:51.671"/>
</kw>
<kw name="Click Element" library="SeleniumLibrary">
<arg>${elements_xpath_4}</arg>
<doc>Click the element identified by ``locator``.</doc>
<msg timestamp="20230911 12:41:51.673" level="INFO">Clicking element 'xpath://span[text()='FAQ']'.</msg>
<status status="PASS" starttime="20230911 12:41:51.672" endtime="20230911 12:41:51.944"/>
</kw>
<kw name="Sleep" library="BuiltIn">
<arg>10s</arg>
<doc>Pauses the test executed for the given time.</doc>
<msg timestamp="20230911 12:42:01.947" level="INFO">Slept 10 seconds</msg>
<status status="PASS" starttime="20230911 12:41:51.945" endtime="20230911 12:42:01.947"/>
</kw>
<kw name="Execute Javascript" library="SeleniumLibrary">
<arg>location.reload(true)</arg>
<doc>Executes the given JavaScript code with possible arguments.</doc>
<msg timestamp="20230911 12:42:01.949" level="INFO">Executing JavaScript:
location.reload(true)
Without any arguments.</msg>
<status status="PASS" starttime="20230911 12:42:01.948" endtime="20230911 12:42:01.963"/>
</kw>
<kw name="Sleep" library="BuiltIn">
<arg>5s</arg>
<doc>Pauses the test executed for the given time.</doc>
<msg timestamp="20230911 12:42:06.973" level="INFO">Slept 5 seconds</msg>
<status status="PASS" starttime="20230911 12:42:01.964" endtime="20230911 12:42:06.973"/>
</kw>
<kw name="Get WebElement" library="SeleniumLibrary">
<var>${hover_element}</var>
<arg>${mouse_hover_action}</arg>
<doc>Returns the first WebElement matching the given ``locator``.</doc>
<msg timestamp="20230911 12:42:08.124" level="INFO">${hover_element} = &lt;selenium.webdriver.firefox.webelement.FirefoxWebElement (session="1959dca8-d83e-401d-96dc-e4369f53f536", element="c8a7ff49-718a-4b3f-aed1-93f62c69d6de")&gt;</msg>
<status status="PASS" starttime="20230911 12:42:06.973" endtime="20230911 12:42:08.124"/>
</kw>
<kw name="Mouse Over" library="SeleniumLibrary">
<arg>${hover_element}</arg>
<doc>Simulates hovering the mouse over the element ``locator``.</doc>
<msg timestamp="20230911 12:42:08.125" level="INFO">Simulating Mouse Over on element '&lt;selenium.webdriver.firefox.webelement.FirefoxWebElement (session="1959dca8-d83e-401d-96dc-e4369f53f536", element="c8a7ff49-718a-4b3f-aed1-93f62c69d6de")&gt;'.</msg>
<status status="PASS" starttime="20230911 12:42:08.124" endtime="20230911 12:42:08.414"/>
</kw>
<kw name="Press Keys" library="SeleniumLibrary">
<arg>${hover_element}</arg>
<arg>\\13</arg>
<doc>Simulates the user pressing key(s) to an element or on the active browser.</doc>
<msg timestamp="20230911 12:42:08.415" level="INFO">Sending key(s) ('\\13',) to &lt;selenium.webdriver.firefox.webelement.FirefoxWebElement (session="1959dca8-d83e-401d-96dc-e4369f53f536", element="c8a7ff49-718a-4b3f-aed1-93f62c69d6de")&gt; element.</msg>
<msg timestamp="20230911 12:42:08.683" level="INFO">Sending keys \13</msg>
<status status="PASS" starttime="20230911 12:42:08.414" endtime="20230911 12:42:08.692"/>
</kw>
<kw name="Click Element" library="SeleniumLibrary">
<arg>${elements_xpath_5}</arg>
<doc>Click the element identified by ``locator``.</doc>
<msg timestamp="20230911 12:42:08.694" level="INFO">Clicking element 'xpath://span[text()='Policies &amp; Regulations']'.</msg>
<status status="PASS" starttime="20230911 12:42:08.692" endtime="20230911 12:42:08.967"/>
</kw>
<kw name="Sleep" library="BuiltIn">
<arg>10s</arg>
<doc>Pauses the test executed for the given time.</doc>
<msg timestamp="20230911 12:42:18.981" level="INFO">Slept 10 seconds</msg>
<status status="PASS" starttime="20230911 12:42:08.968" endtime="20230911 12:42:18.981"/>
</kw>
<kw name="Execute Javascript" library="SeleniumLibrary">
<arg>location.reload(true)</arg>
<doc>Executes the given JavaScript code with possible arguments.</doc>
<msg timestamp="20230911 12:42:18.984" level="INFO">Executing JavaScript:
location.reload(true)
Without any arguments.</msg>
<status status="PASS" starttime="20230911 12:42:18.981" endtime="20230911 12:42:18.994"/>
</kw>
<kw name="Sleep" library="BuiltIn">
<arg>5s</arg>
<doc>Pauses the test executed for the given time.</doc>
<msg timestamp="20230911 12:42:24.008" level="INFO">Slept 5 seconds</msg>
<status status="PASS" starttime="20230911 12:42:18.994" endtime="20230911 12:42:24.008"/>
</kw>
<kw name="Get WebElement" library="SeleniumLibrary">
<var>${hover_element}</var>
<arg>${mouse_hover_action}</arg>
<doc>Returns the first WebElement matching the given ``locator``.</doc>
<msg timestamp="20230911 12:42:25.264" level="INFO">${hover_element} = &lt;selenium.webdriver.firefox.webelement.FirefoxWebElement (session="1959dca8-d83e-401d-96dc-e4369f53f536", element="41b3e5e0-3b3d-4d8d-97ed-ae50830ae24b")&gt;</msg>
<status status="PASS" starttime="20230911 12:42:24.009" endtime="20230911 12:42:25.264"/>
</kw>
<kw name="Mouse Over" library="SeleniumLibrary">
<arg>${hover_element}</arg>
<doc>Simulates hovering the mouse over the element ``locator``.</doc>
<msg timestamp="20230911 12:42:25.266" level="INFO">Simulating Mouse Over on element '&lt;selenium.webdriver.firefox.webelement.FirefoxWebElement (session="1959dca8-d83e-401d-96dc-e4369f53f536", element="41b3e5e0-3b3d-4d8d-97ed-ae50830ae24b")&gt;'.</msg>
<status status="PASS" starttime="20230911 12:42:25.264" endtime="20230911 12:42:25.558"/>
</kw>
<kw name="Press Keys" library="SeleniumLibrary">
<arg>${hover_element}</arg>
<arg>\\13</arg>
<doc>Simulates the user pressing key(s) to an element or on the active browser.</doc>
<msg timestamp="20230911 12:42:25.562" level="INFO">Sending key(s) ('\\13',) to &lt;selenium.webdriver.firefox.webelement.FirefoxWebElement (session="1959dca8-d83e-401d-96dc-e4369f53f536", element="41b3e5e0-3b3d-4d8d-97ed-ae50830ae24b")&gt; element.</msg>
<msg timestamp="20230911 12:42:25.842" level="INFO">Sending keys \13</msg>
<status status="PASS" starttime="20230911 12:42:25.559" endtime="20230911 12:42:25.884"/>
</kw>
<kw name="Click Element" library="SeleniumLibrary">
<arg>${elements_xpath_6}</arg>
<doc>Click the element identified by ``locator``.</doc>
<msg timestamp="20230911 12:42:25.886" level="INFO">Clicking element 'xpath://span[text()='HR-OS Help Center']'.</msg>
<status status="PASS" starttime="20230911 12:42:25.885" endtime="20230911 12:42:26.176"/>
</kw>
<kw name="Execute Javascript" library="SeleniumLibrary">
<arg>location.reload(true)</arg>
<doc>Executes the given JavaScript code with possible arguments.</doc>
<msg timestamp="20230911 12:42:26.178" level="INFO">Executing JavaScript:
location.reload(true)
Without any arguments.</msg>
<status status="PASS" starttime="20230911 12:42:26.176" endtime="20230911 12:42:26.185"/>
</kw>
<kw name="Sleep" library="BuiltIn">
<arg>10s</arg>
<doc>Pauses the test executed for the given time.</doc>
<msg timestamp="20230911 12:42:36.193" level="INFO">Slept 10 seconds</msg>
<status status="PASS" starttime="20230911 12:42:26.185" endtime="20230911 12:42:36.193"/>
</kw>
<status status="PASS" starttime="20230911 12:41:16.021" endtime="20230911 12:42:36.194"/>
</kw>
<kw name="Bell Image Functionality" library="Hr_top_menu_keywords">
<kw name="Click Element" library="SeleniumLibrary">
<arg>${bell_symbol_xpath}</arg>
<doc>Click the element identified by ``locator``.</doc>
<msg timestamp="20230911 12:42:36.198" level="INFO">Clicking element 'xpath://img[contains(@src, '/static/ic_bell.1b1c1f80.svg')]'.</msg>
<status status="PASS" starttime="20230911 12:42:36.196" endtime="20230911 12:42:36.454"/>
</kw>
<kw name="Press Keys" library="SeleniumLibrary">
<arg>None</arg>
<arg>ESC</arg>
<doc>Simulates the user pressing key(s) to an element or on the active browser.</doc>
<msg timestamp="20230911 12:42:36.458" level="INFO">Sending key(s) ('ESC',) to page.</msg>
<msg timestamp="20230911 12:42:36.458" level="INFO">Pressing special key ESCAPE to browser.</msg>
<msg timestamp="20230911 12:42:36.458" level="INFO">Releasing special key ESCAPE.</msg>
<status status="PASS" starttime="20230911 12:42:36.455" endtime="20230911 12:42:36.472"/>
</kw>
<status status="PASS" starttime="20230911 12:42:36.195" endtime="20230911 12:42:36.474"/>
</kw>
<kw name="Brush Image Functionality" library="Hr_top_menu_keywords">
<kw name="Execute Javascript" library="SeleniumLibrary">
<arg>location.reload(true)</arg>
<doc>Executes the given JavaScript code with possible arguments.</doc>
<msg timestamp="20230911 12:42:36.479" level="INFO">Executing JavaScript:
location.reload(true)
Without any arguments.</msg>
<status status="PASS" starttime="20230911 12:42:36.477" endtime="20230911 12:42:36.495"/>
</kw>
<kw name="Sleep" library="BuiltIn">
<arg>10s</arg>
<doc>Pauses the test executed for the given time.</doc>
<msg timestamp="20230911 12:42:46.504" level="INFO">Slept 10 seconds</msg>
<status status="PASS" starttime="20230911 12:42:36.495" endtime="20230911 12:42:46.504"/>
</kw>
<kw name="Click Element" library="SeleniumLibrary">
<arg>${brush_symbol_xpath}</arg>
<doc>Click the element identified by ``locator``.</doc>
<msg timestamp="20230911 12:42:46.505" level="INFO">Clicking element 'xpath://img[contains(@src, '/static/ic_theme.f154d3ae.svg')]'.</msg>
<status status="PASS" starttime="20230911 12:42:46.504" endtime="20230911 12:42:46.759"/>
</kw>
<kw name="Press Keys" library="SeleniumLibrary">
<arg>None</arg>
<arg>ESC</arg>
<doc>Simulates the user pressing key(s) to an element or on the active browser.</doc>
<msg timestamp="20230911 12:42:46.760" level="INFO">Sending key(s) ('ESC',) to page.</msg>
<msg timestamp="20230911 12:42:46.760" level="INFO">Pressing special key ESCAPE to browser.</msg>
<msg timestamp="20230911 12:42:46.760" level="INFO">Releasing special key ESCAPE.</msg>
<status status="PASS" starttime="20230911 12:42:46.759" endtime="20230911 12:42:46.773"/>
</kw>
<kw name="Execute Javascript" library="SeleniumLibrary">
<arg>location.reload(true)</arg>
<doc>Executes the given JavaScript code with possible arguments.</doc>
<msg timestamp="20230911 12:42:46.775" level="INFO">Executing JavaScript:
location.reload(true)
Without any arguments.</msg>
<status status="PASS" starttime="20230911 12:42:46.774" endtime="20230911 12:42:46.786"/>
</kw>
<kw name="Sleep" library="BuiltIn">
<arg>10s</arg>
<doc>Pauses the test executed for the given time.</doc>
<msg timestamp="20230911 12:42:56.803" level="INFO">Slept 10 seconds</msg>
<status status="PASS" starttime="20230911 12:42:46.787" endtime="20230911 12:42:56.803"/>
</kw>
<status status="PASS" starttime="20230911 12:42:36.476" endtime="20230911 12:42:56.803"/>
</kw>
<kw name="Drop Down Functionality" library="Hr_top_menu_keywords">
<kw name="Click Element" library="SeleniumLibrary">
<arg>${dropdown_xpath}</arg>
<doc>Click the element identified by ``locator``.</doc>
<msg timestamp="20230911 12:42:56.806" level="INFO">Clicking element 'xpath://div[@class='ant-dropdown-trigger languageSelector___2zxz0']'.</msg>
<status status="PASS" starttime="20230911 12:42:56.805" endtime="20230911 12:42:57.037"/>
</kw>
<kw name="Click Element" library="SeleniumLibrary">
<arg>${india_language_xpath}</arg>
<doc>Click the element identified by ``locator``.</doc>
<msg timestamp="20230911 12:42:57.038" level="INFO">Clicking element 'xpath:(//div[@class='languageOption___218w6'])[3]/div'.</msg>
<status status="PASS" starttime="20230911 12:42:57.037" endtime="20230911 12:42:57.654"/>
</kw>
<kw name="Execute Javascript" library="SeleniumLibrary">
<arg>location.reload(true)</arg>
<doc>Executes the given JavaScript code with possible arguments.</doc>
<msg timestamp="20230911 12:42:57.656" level="INFO">Executing JavaScript:
location.reload(true)
Without any arguments.</msg>
<status status="PASS" starttime="20230911 12:42:57.655" endtime="20230911 12:42:57.733"/>
</kw>
<kw name="Sleep" library="BuiltIn">
<arg>10s</arg>
<doc>Pauses the test executed for the given time.</doc>
<msg timestamp="20230911 12:43:07.742" level="INFO">Slept 10 seconds</msg>
<status status="PASS" starttime="20230911 12:42:57.734" endtime="20230911 12:43:07.742"/>
</kw>
<status status="PASS" starttime="20230911 12:42:56.804" endtime="20230911 12:43:07.744"/>
</kw>
<kw name="Profile Functionality" library="Hr_top_menu_keywords">
<kw name="Click Element" library="SeleniumLibrary">
<arg>${profile_xpath}</arg>
<doc>Click the element identified by ``locator``.</doc>
<msg timestamp="20230911 12:43:07.747" level="INFO">Clicking element 'xpath://span[@class='ant-dropdown-trigger undefined undefined']/span/img'.</msg>
<status status="PASS" starttime="20230911 12:43:07.746" endtime="20230911 12:43:08.025"/>
</kw>
<kw name="Click Element" library="SeleniumLibrary">
<arg>${view_profile_xpath}</arg>
<doc>Click the element identified by ``locator``.</doc>
<msg timestamp="20230911 12:43:08.027" level="INFO">Clicking element 'xpath://div[text()='View profile']'.</msg>
<status status="PASS" starttime="20230911 12:43:08.026" endtime="20230911 12:43:08.372"/>
</kw>
<kw name="Sleep" library="BuiltIn">
<arg>10s</arg>
<doc>Pauses the test executed for the given time.</doc>
<msg timestamp="20230911 12:43:18.376" level="INFO">Slept 10 seconds</msg>
<status status="PASS" starttime="20230911 12:43:08.373" endtime="20230911 12:43:18.376"/>
</kw>
<status status="PASS" starttime="20230911 12:43:07.745" endtime="20230911 12:43:18.377"/>
</kw>
<kw name="Left Side Menu" library="Hr_top_menu_keywords">
<kw name="Click Element" library="SeleniumLibrary">
<arg>${left_directory_xpath}</arg>
<doc>Click the element identified by ``locator``.</doc>
<msg timestamp="20230911 12:43:18.379" level="INFO">Clicking element 'xpath://li[@title='Directory']'.</msg>
<status status="PASS" starttime="20230911 12:43:18.378" endtime="20230911 12:43:18.658"/>
</kw>
<kw name="Sleep" library="BuiltIn">
<arg>5s</arg>
<doc>Pauses the test executed for the given time.</doc>
<msg timestamp="20230911 12:43:23.671" level="INFO">Slept 5 seconds</msg>
<status status="PASS" starttime="20230911 12:43:18.658" endtime="20230911 12:43:23.671"/>
</kw>
<kw name="Mouse Over" library="SeleniumLibrary">
<arg>${directory_pop_up_xpath}</arg>
<doc>Simulates hovering the mouse over the element ``locator``.</doc>
<msg timestamp="20230911 12:43:23.672" level="INFO">Simulating Mouse Over on element 'xpath://div[@id='625764aececaa30012bed3ee']'.</msg>
<status status="PASS" starttime="20230911 12:43:23.671" endtime="20230911 12:43:23.970"/>
</kw>
<kw name="Click Element" library="SeleniumLibrary">
<arg>${left_timesheet_xpath}</arg>
<doc>Click the element identified by ``locator``.</doc>
<msg timestamp="20230911 12:43:23.972" level="INFO">Clicking element 'xpath://li[@title='Timesheet']'.</msg>
<status status="PASS" starttime="20230911 12:43:23.970" endtime="20230911 12:43:24.233"/>
</kw>
<status status="PASS" starttime="20230911 12:43:18.377" endtime="20230911 12:43:24.234"/>
</kw>
<status status="PASS" starttime="20230911 12:39:19.708" endtime="20230911 12:43:24.235"/>
</test>
<status status="PASS" starttime="20230911 12:39:19.439" endtime="20230911 12:43:24.239"/>
</suite>
<statistics>
<total>
<stat pass="1" fail="0" skip="0">All Tests</stat>
</total>
<tag>
</tag>
<suite>
<stat pass="1" fail="0" skip="0" id="s1" name="Testcase4">Testcase4</stat>
</suite>
</statistics>
<errors>
</errors>
</robot>
